<?xml version="1.0" encoding="UTF-8"?>
<robot generator="Robot 7.3.2 (Python 3.13.9 on linux)" generated="2025-11-01T10:51:01.857089" rpa="false" schemaversion="5">
<suite id="s1" name="Tests" source="/opt/robot/tests">
<suite id="s1-s1" name="Consul" source="/opt/robot/tests/consul">
<suite id="s1-s1-s1" name="Crud" source="/opt/robot/tests/consul/crud">
<suite id="s1-s1-s1-s1" name="Crud" source="/opt/robot/tests/consul/crud/crud.robot">
<kw name="Preparation" type="SETUP">
<kw name="Generate Random String" owner="String">
<msg time="2025-11-01T10:51:03.279501" level="INFO">${random_id} = spj</msg>
<var>${random_id}</var>
<arg>3</arg>
<arg>[LOWER]</arg>
<doc>Generates a string with a desired ``length`` from the given ``chars``.</doc>
<status status="PASS" start="2025-11-01T10:51:03.278604" elapsed="0.000971"/>
</kw>
<kw name="Set Suite Variable" owner="BuiltIn">
<msg time="2025-11-01T10:51:03.281472" level="INFO">${test_key} = test_key_spj</msg>
<arg>${test_key}</arg>
<arg>test_key_${random_id}</arg>
<doc>Makes a variable available everywhere within the scope of the current suite.</doc>
<status status="PASS" start="2025-11-01T10:51:03.280313" elapsed="0.001256"/>
</kw>
<kw name="Set Suite Variable" owner="BuiltIn">
<msg time="2025-11-01T10:51:03.283328" level="INFO">${path_test_key} = path_test_key/test_data_spj</msg>
<arg>${path_test_key}</arg>
<arg>path_test_key/test_data_${random_id}</arg>
<doc>Makes a variable available everywhere within the scope of the current suite.</doc>
<status status="PASS" start="2025-11-01T10:51:03.282165" elapsed="0.001262"/>
</kw>
<kw name="Set Suite Variable" owner="BuiltIn">
<msg time="2025-11-01T10:51:03.285091" level="INFO">${test_value} = test_value_spj</msg>
<arg>${test_value}</arg>
<arg>test_value_${random_id}</arg>
<doc>Makes a variable available everywhere within the scope of the current suite.</doc>
<status status="PASS" start="2025-11-01T10:51:03.283973" elapsed="0.001187"/>
</kw>
<status status="PASS" start="2025-11-01T10:51:03.277410" elapsed="0.008104"/>
</kw>
<test id="s1-s1-s1-s1-t1" name="Test Add Data" line="15">
<kw name="Add Test Data To Consul" owner="keywords">
<kw name="Put Data" owner="ConsulLibrary">
<msg time="2025-11-01T10:51:03.362457" level="INFO">${response} = True</msg>
<var>${response}</var>
<arg>${key}</arg>
<arg>${value}</arg>
<status status="PASS" start="2025-11-01T10:51:03.351068" elapsed="0.011453"/>
</kw>
<kw name="Should Be True" owner="BuiltIn">
<arg>${response}</arg>
<doc>Fails if the given condition is not true.</doc>
<status status="PASS" start="2025-11-01T10:51:03.363010" elapsed="0.000200"/>
</kw>
<arg>${test_key}</arg>
<arg>${test_value}</arg>
<status status="PASS" start="2025-11-01T10:51:03.350455" elapsed="0.012931"/>
</kw>
<tag>crud</tag>
<tag>smoke</tag>
<status status="PASS" start="2025-11-01T10:51:03.285722" elapsed="0.077919"/>
</test>
<test id="s1-s1-s1-s1-t2" name="Test Read Data" line="19">
<kw name="Get And Check Test Data From Consul" owner="keywords">
<kw name="Get Data" owner="ConsulLibrary">
<msg time="2025-11-01T10:51:03.374370" level="INFO">${response} = test_value_spj</msg>
<var>${response}</var>
<arg>${key}</arg>
<status status="PASS" start="2025-11-01T10:51:03.370225" elapsed="0.004206"/>
</kw>
<kw name="Should Be Equal As Strings" owner="BuiltIn">
<msg time="2025-11-01T10:51:03.375289" level="INFO">Argument types are:
&lt;class 'bytes'&gt;
&lt;class 'str'&gt;</msg>
<arg>${response}</arg>
<arg>${value}</arg>
<doc>Fails if objects are unequal after converting them to strings.</doc>
<status status="PASS" start="2025-11-01T10:51:03.374960" elapsed="0.000431"/>
</kw>
<arg>${test_key}</arg>
<arg>${test_value}</arg>
<status status="PASS" start="2025-11-01T10:51:03.369709" elapsed="0.006112"/>
</kw>
<tag>crud</tag>
<tag>smoke</tag>
<status status="PASS" start="2025-11-01T10:51:03.368980" elapsed="0.007166"/>
</test>
<test id="s1-s1-s1-s1-t3" name="Test Update Data" line="23">
<kw name="Update Test Data In Consul" owner="keywords">
<kw name="Put Data" owner="ConsulLibrary">
<msg time="2025-11-01T10:51:03.389939" level="INFO">${response} = True</msg>
<var>${response}</var>
<arg>${key}</arg>
<arg>${value}</arg>
<status status="PASS" start="2025-11-01T10:51:03.380899" elapsed="0.009154"/>
</kw>
<kw name="Should Be True" owner="BuiltIn">
<arg>${response}</arg>
<doc>Fails if the given condition is not true.</doc>
<status status="PASS" start="2025-11-01T10:51:03.390675" elapsed="0.000284"/>
</kw>
<arg>${test_key}</arg>
<arg>update_${test_value}</arg>
<status status="PASS" start="2025-11-01T10:51:03.380326" elapsed="0.010874"/>
</kw>
<kw name="Get And Check Test Data From Consul" owner="keywords">
<kw name="Get Data" owner="ConsulLibrary">
<msg time="2025-11-01T10:51:03.394438" level="INFO">${response} = update_test_value_spj</msg>
<var>${response}</var>
<arg>${key}</arg>
<status status="PASS" start="2025-11-01T10:51:03.392025" elapsed="0.002458"/>
</kw>
<kw name="Should Be Equal As Strings" owner="BuiltIn">
<msg time="2025-11-01T10:51:03.395112" level="INFO">Argument types are:
&lt;class 'bytes'&gt;
&lt;class 'str'&gt;</msg>
<arg>${response}</arg>
<arg>${value}</arg>
<doc>Fails if objects are unequal after converting them to strings.</doc>
<status status="PASS" start="2025-11-01T10:51:03.394894" elapsed="0.000279"/>
</kw>
<arg>${test_key}</arg>
<arg>update_${test_value}</arg>
<status status="PASS" start="2025-11-01T10:51:03.391541" elapsed="0.003929"/>
</kw>
<tag>crud</tag>
<tag>smoke</tag>
<status status="PASS" start="2025-11-01T10:51:03.379470" elapsed="0.016205"/>
</test>
<test id="s1-s1-s1-s1-t4" name="Test Delete Data" line="28">
<kw name="Delete Test Data From Consul" owner="keywords">
<kw name="Delete Data" owner="ConsulLibrary">
<msg time="2025-11-01T10:51:03.408073" level="INFO">${response} = True</msg>
<var>${response}</var>
<arg>${key}</arg>
<status status="PASS" start="2025-11-01T10:51:03.399206" elapsed="0.008912"/>
</kw>
<kw name="Should Be True" owner="BuiltIn">
<arg>${response}</arg>
<doc>Fails if the given condition is not true.</doc>
<status status="PASS" start="2025-11-01T10:51:03.408514" elapsed="0.000193"/>
</kw>
<arg>${test_key}</arg>
<status status="PASS" start="2025-11-01T10:51:03.398708" elapsed="0.010159"/>
</kw>
<tag>crud</tag>
<tag>smoke</tag>
<status status="PASS" start="2025-11-01T10:51:03.398028" elapsed="0.011044"/>
</test>
<test id="s1-s1-s1-s1-t5" name="Test Create Key Under Path" line="32">
<kw name="Add Test Data To Consul" owner="keywords">
<kw name="Put Data" owner="ConsulLibrary">
<msg time="2025-11-01T10:51:03.422395" level="INFO">${response} = True</msg>
<var>${response}</var>
<arg>${key}</arg>
<arg>${value}</arg>
<status status="PASS" start="2025-11-01T10:51:03.412713" elapsed="0.009730"/>
</kw>
<kw name="Should Be True" owner="BuiltIn">
<arg>${response}</arg>
<doc>Fails if the given condition is not true.</doc>
<status status="PASS" start="2025-11-01T10:51:03.422942" elapsed="0.000267"/>
</kw>
<arg>${path_test_key}</arg>
<arg>path_${test_value}</arg>
<status status="PASS" start="2025-11-01T10:51:03.412134" elapsed="0.011277"/>
</kw>
<tag>crud</tag>
<tag>smoke</tag>
<status status="PASS" start="2025-11-01T10:51:03.411421" elapsed="0.012275"/>
</test>
<test id="s1-s1-s1-s1-t6" name="Test Read Data Under Path" line="36">
<kw name="Get And Check Test Data From Consul" owner="keywords">
<kw name="Get Data" owner="ConsulLibrary">
<msg time="2025-11-01T10:51:03.451904" level="INFO">${response} = path_test_value_spj</msg>
<var>${response}</var>
<arg>${key}</arg>
<status status="PASS" start="2025-11-01T10:51:03.427211" elapsed="0.024811"/>
</kw>
<kw name="Should Be Equal As Strings" owner="BuiltIn">
<msg time="2025-11-01T10:51:03.453112" level="INFO">Argument types are:
&lt;class 'bytes'&gt;
&lt;class 'str'&gt;</msg>
<arg>${response}</arg>
<arg>${value}</arg>
<doc>Fails if objects are unequal after converting them to strings.</doc>
<status status="PASS" start="2025-11-01T10:51:03.452658" elapsed="0.000554"/>
</kw>
<arg>${path_test_key}</arg>
<arg>path_${test_value}</arg>
<status status="PASS" start="2025-11-01T10:51:03.426677" elapsed="0.027043"/>
</kw>
<tag>crud</tag>
<tag>smoke</tag>
<status status="PASS" start="2025-11-01T10:51:03.425999" elapsed="0.028072"/>
</test>
<test id="s1-s1-s1-s1-t7" name="Test Update Data Under Path" line="40">
<kw name="Update Test Data In Consul" owner="keywords">
<kw name="Put Data" owner="ConsulLibrary">
<msg time="2025-11-01T10:51:03.469072" level="INFO">${response} = True</msg>
<var>${response}</var>
<arg>${key}</arg>
<arg>${value}</arg>
<status status="PASS" start="2025-11-01T10:51:03.460524" elapsed="0.008607"/>
</kw>
<kw name="Should Be True" owner="BuiltIn">
<arg>${response}</arg>
<doc>Fails if the given condition is not true.</doc>
<status status="PASS" start="2025-11-01T10:51:03.469664" elapsed="0.000267"/>
</kw>
<arg>${path_test_key}</arg>
<arg>update_path_${test_value}</arg>
<status status="PASS" start="2025-11-01T10:51:03.460001" elapsed="0.010247"/>
</kw>
<kw name="Get And Check Test Data From Consul" owner="keywords">
<kw name="Get Data" owner="ConsulLibrary">
<msg time="2025-11-01T10:51:03.473179" level="INFO">${response} = update_path_test_value_spj</msg>
<var>${response}</var>
<arg>${key}</arg>
<status status="PASS" start="2025-11-01T10:51:03.471036" elapsed="0.002198"/>
</kw>
<kw name="Should Be Equal As Strings" owner="BuiltIn">
<msg time="2025-11-01T10:51:03.473996" level="INFO">Argument types are:
&lt;class 'bytes'&gt;
&lt;class 'str'&gt;</msg>
<arg>${response}</arg>
<arg>${value}</arg>
<doc>Fails if objects are unequal after converting them to strings.</doc>
<status status="PASS" start="2025-11-01T10:51:03.473713" elapsed="0.000372"/>
</kw>
<arg>${path_test_key}</arg>
<arg>update_path_${test_value}</arg>
<status status="PASS" start="2025-11-01T10:51:03.470582" elapsed="0.003966"/>
</kw>
<tag>crud</tag>
<tag>smoke</tag>
<status status="PASS" start="2025-11-01T10:51:03.459155" elapsed="0.015727"/>
</test>
<test id="s1-s1-s1-s1-t8" name="Test Delete Data Under Path" line="45">
<kw name="Delete Test Data From Consul" owner="keywords">
<kw name="Delete Data" owner="ConsulLibrary">
<msg time="2025-11-01T10:51:03.500490" level="INFO">${response} = True</msg>
<var>${response}</var>
<arg>${key}</arg>
<status status="PASS" start="2025-11-01T10:51:03.490292" elapsed="0.010251"/>
</kw>
<kw name="Should Be True" owner="BuiltIn">
<arg>${response}</arg>
<doc>Fails if the given condition is not true.</doc>
<status status="PASS" start="2025-11-01T10:51:03.501088" elapsed="0.000208"/>
</kw>
<arg>${path_test_key}</arg>
<status status="PASS" start="2025-11-01T10:51:03.489575" elapsed="0.011891"/>
</kw>
<tag>crud</tag>
<tag>smoke</tag>
<status status="PASS" start="2025-11-01T10:51:03.479755" elapsed="0.021900"/>
</test>
<status status="PASS" start="2025-11-01T10:51:01.982548" elapsed="1.521876"/>
</suite>
<status status="PASS" start="2025-11-01T10:51:01.981144" elapsed="1.527708"/>
</suite>
<status status="PASS" start="2025-11-01T10:51:01.979406" elapsed="1.530662"/>
</suite>
<status status="PASS" start="2025-11-01T10:51:01.964381" elapsed="1.587570"/>
</suite>
<statistics>
<total>
<stat pass="8" fail="0" skip="0">All Tests</stat>
</total>
<tag>
<stat pass="8" fail="0" skip="0">crud</stat>
<stat pass="8" fail="0" skip="0">smoke</stat>
</tag>
<suite>
<stat name="Tests" id="s1" pass="8" fail="0" skip="0">Tests</stat>
<stat name="Consul" id="s1-s1" pass="8" fail="0" skip="0">Tests.Consul</stat>
<stat name="Crud" id="s1-s1-s1" pass="8" fail="0" skip="0">Tests.Consul.Crud</stat>
<stat name="Crud" id="s1-s1-s1-s1" pass="8" fail="0" skip="0">Tests.Consul.Crud.Crud</stat>
</suite>
</statistics>
<errors>
<msg time="2025-11-01T10:51:01.767867" level="WARN">Error in file '/opt/robot/tests/consul/alerts/alerts.robot' on line 28: The '[Return]' setting is deprecated. Use the 'RETURN' statement instead.</msg>
<msg time="2025-11-01T10:51:01.772883" level="WARN">Error in file '/opt/robot/tests/consul/backup/backup.robot' on line 36: The '[Return]' setting is deprecated. Use the 'RETURN' statement instead.</msg>
<msg time="2025-11-01T10:51:01.773170" level="WARN">Error in file '/opt/robot/tests/consul/backup/backup.robot' on line 48: The '[Return]' setting is deprecated. Use the 'RETURN' statement instead.</msg>
<msg time="2025-11-01T10:51:01.773873" level="WARN">Error in file '/opt/robot/tests/consul/backup/backup.robot' on line 83: The '[Return]' setting is deprecated. Use the 'RETURN' statement instead.</msg>
<msg time="2025-11-01T10:51:01.778282" level="WARN">Error in file '/opt/robot/tests/consul/backup/backup_s3.robot' on line 50: The '[Return]' setting is deprecated. Use the 'RETURN' statement instead.</msg>
<msg time="2025-11-01T10:51:01.778909" level="WARN">Error in file '/opt/robot/tests/consul/backup/backup_s3.robot' on line 85: The '[Return]' setting is deprecated. Use the 'RETURN' statement instead.</msg>
<msg time="2025-11-01T10:51:01.784186" level="WARN">Error in file '/opt/robot/tests/consul/ha/consul_ha.robot' on line 27: The '[Return]' setting is deprecated. Use the 'RETURN' statement instead.</msg>
<msg time="2025-11-01T10:51:01.850105" level="WARN">Error in file '/opt/robot/tests/consul/ha/consul_ha.robot' on line 32: The '[Return]' setting is deprecated. Use the 'RETURN' statement instead.</msg>
<msg time="2025-11-01T10:51:01.850757" level="WARN">Error in file '/opt/robot/tests/consul/ha/consul_ha.robot' on line 54: The '[Return]' setting is deprecated. Use the 'RETURN' statement instead.</msg>
</errors>
</robot>
