<?xml version="1.0" encoding="UTF-8"?>
<robot generator="Robot 7.3.2 (Python 3.13.9 on linux)" generated="2025-12-16T12:20:00.926234" rpa="false" schemaversion="5">
<suite id="s1" name="Tests" source="/opt/robot/tests">
<suite id="s1-s1" name="Consul" source="/opt/robot/tests/consul">
<suite id="s1-s1-s1" name="Crud" source="/opt/robot/tests/consul/crud">
<suite id="s1-s1-s1-s1" name="Crud" source="/opt/robot/tests/consul/crud/crud.robot">
<kw name="Preparation" type="SETUP">
<kw name="Generate Random String" owner="String">
<msg time="2025-12-16T12:20:02.117904" level="INFO">${random_id} = vti</msg>
<var>${random_id}</var>
<arg>3</arg>
<arg>[LOWER]</arg>
<doc>Generates a string with a desired ``length`` from the given ``chars``.</doc>
<status status="PASS" start="2025-12-16T12:20:02.117531" elapsed="0.000423"/>
</kw>
<kw name="Set Suite Variable" owner="BuiltIn">
<msg time="2025-12-16T12:20:02.119209" level="INFO">${test_key} = test_key_vti</msg>
<arg>${test_key}</arg>
<arg>test_key_${random_id}</arg>
<doc>Makes a variable available everywhere within the scope of the current suite.</doc>
<status status="PASS" start="2025-12-16T12:20:02.118446" elapsed="0.000827"/>
</kw>
<kw name="Set Suite Variable" owner="BuiltIn">
<msg time="2025-12-16T12:20:02.120327" level="INFO">${path_test_key} = path_test_key/test_data_vti</msg>
<arg>${path_test_key}</arg>
<arg>path_test_key/test_data_${random_id}</arg>
<doc>Makes a variable available everywhere within the scope of the current suite.</doc>
<status status="PASS" start="2025-12-16T12:20:02.119667" elapsed="0.000714"/>
</kw>
<kw name="Set Suite Variable" owner="BuiltIn">
<msg time="2025-12-16T12:20:02.121346" level="INFO">${test_value} = test_value_vti</msg>
<arg>${test_value}</arg>
<arg>test_value_${random_id}</arg>
<doc>Makes a variable available everywhere within the scope of the current suite.</doc>
<status status="PASS" start="2025-12-16T12:20:02.120724" elapsed="0.000675"/>
</kw>
<status status="PASS" start="2025-12-16T12:20:02.116767" elapsed="0.004950"/>
</kw>
<test id="s1-s1-s1-s1-t1" name="Test Add Data" line="15">
<kw name="Add Test Data To Consul" owner="keywords">
<kw name="Put Data" owner="ConsulLibrary">
<msg time="2025-12-16T12:20:12.135754" level="FAIL">ConnectTimeout: HTTPConnectionPool(host='consul-server', port=8500): Max retries exceeded with url: /v1/kv/test_key_vti (Caused by ConnectTimeoutError(&lt;urllib3.connection.HTTPConnection object at 0x7f057930bb60&gt;, 'Connection to consul-server timed out. (connect timeout=10)'))</msg>
<var>${response}</var>
<arg>${key}</arg>
<arg>${value}</arg>
<status status="FAIL" start="2025-12-16T12:20:02.122835" elapsed="10.019978">ConnectTimeout: HTTPConnectionPool(host='consul-server', port=8500): Max retries exceeded with url: /v1/kv/test_key_vti (Caused by ConnectTimeoutError(&lt;urllib3.connection.HTTPConnection object at 0x7f057930bb60&gt;, 'Connection to consul-server timed out. (connect timeout=10)'))</status>
</kw>
<kw name="Should Be True" owner="BuiltIn">
<arg>${response}</arg>
<doc>Fails if the given condition is not true.</doc>
<status status="NOT RUN" start="2025-12-16T12:20:12.143424" elapsed="0.000094"/>
</kw>
<arg>${test_key}</arg>
<arg>${test_value}</arg>
<status status="FAIL" start="2025-12-16T12:20:02.122494" elapsed="10.021277">ConnectTimeout: HTTPConnectionPool(host='consul-server', port=8500): Max retries exceeded with url: /v1/kv/test_key_vti (Caused by ConnectTimeoutError(&lt;urllib3.connection.HTTPConnection object at 0x7f057930bb60&gt;, 'Connection to consul-server timed out. (connect timeout=10)'))</status>
</kw>
<tag>crud</tag>
<tag>smoke</tag>
<status status="FAIL" start="2025-12-16T12:20:02.121916" elapsed="10.022127">ConnectTimeout: HTTPConnectionPool(host='consul-server', port=8500): Max retries exceeded with url: /v1/kv/test_key_vti (Caused by ConnectTimeoutError(&lt;urllib3.connection.HTTPConnection object at 0x7f057930bb60&gt;, 'Connection to consul-server timed out. (connect timeout=10)'))</status>
</test>
<test id="s1-s1-s1-s1-t2" name="Test Read Data" line="19">
<kw name="Get And Check Test Data From Consul" owner="keywords">
<kw name="Get Data" owner="ConsulLibrary">
<msg time="2025-12-16T12:20:22.155353" level="FAIL">ConnectTimeout: HTTPConnectionPool(host='consul-server', port=8500): Max retries exceeded with url: /v1/kv/test_key_vti (Caused by ConnectTimeoutError(&lt;urllib3.connection.HTTPConnection object at 0x7f0578efac10&gt;, 'Connection to consul-server timed out. (connect timeout=10)'))</msg>
<var>${response}</var>
<arg>${key}</arg>
<status status="FAIL" start="2025-12-16T12:20:12.147503" elapsed="10.011939">ConnectTimeout: HTTPConnectionPool(host='consul-server', port=8500): Max retries exceeded with url: /v1/kv/test_key_vti (Caused by ConnectTimeoutError(&lt;urllib3.connection.HTTPConnection object at 0x7f0578efac10&gt;, 'Connection to consul-server timed out. (connect timeout=10)'))</status>
</kw>
<kw name="Should Be Equal As Strings" owner="BuiltIn">
<arg>${response}</arg>
<arg>${value}</arg>
<doc>Fails if objects are unequal after converting them to strings.</doc>
<status status="NOT RUN" start="2025-12-16T12:20:22.160062" elapsed="0.000108"/>
</kw>
<arg>${test_key}</arg>
<arg>${test_value}</arg>
<status status="FAIL" start="2025-12-16T12:20:12.147130" elapsed="10.013280">ConnectTimeout: HTTPConnectionPool(host='consul-server', port=8500): Max retries exceeded with url: /v1/kv/test_key_vti (Caused by ConnectTimeoutError(&lt;urllib3.connection.HTTPConnection object at 0x7f0578efac10&gt;, 'Connection to consul-server timed out. (connect timeout=10)'))</status>
</kw>
<tag>crud</tag>
<tag>smoke</tag>
<status status="FAIL" start="2025-12-16T12:20:12.146558" elapsed="10.014109">ConnectTimeout: HTTPConnectionPool(host='consul-server', port=8500): Max retries exceeded with url: /v1/kv/test_key_vti (Caused by ConnectTimeoutError(&lt;urllib3.connection.HTTPConnection object at 0x7f0578efac10&gt;, 'Connection to consul-server timed out. (connect timeout=10)'))</status>
</test>
<test id="s1-s1-s1-s1-t3" name="Test Update Data" line="23">
<kw name="Update Test Data In Consul" owner="keywords">
<kw name="Put Data" owner="ConsulLibrary">
<msg time="2025-12-16T12:20:22.166250" level="FAIL">ConnectionError: HTTPConnectionPool(host='consul-server', port=8500): Max retries exceeded with url: /v1/kv/test_key_vti (Caused by NewConnectionError('&lt;urllib3.connection.HTTPConnection object at 0x7f0578efb750&gt;: Failed to establish a new connection: [Errno 111] Connection refused'))</msg>
<var>${response}</var>
<arg>${key}</arg>
<arg>${value}</arg>
<status status="FAIL" start="2025-12-16T12:20:22.164404" elapsed="0.005380">ConnectionError: HTTPConnectionPool(host='consul-server', port=8500): Max retries exceeded with url: /v1/kv/test_key_vti (Caused by NewConnectionError('&lt;urllib3.connection.HTTPConnection object at 0x7f0578efb750&gt;: Failed to establish a new connection: [Errno 111] Connection refused'))</status>
</kw>
<kw name="Should Be True" owner="BuiltIn">
<arg>${response}</arg>
<doc>Fails if the given condition is not true.</doc>
<status status="NOT RUN" start="2025-12-16T12:20:22.170254" elapsed="0.000077"/>
</kw>
<arg>${test_key}</arg>
<arg>update_${test_value}</arg>
<status status="FAIL" start="2025-12-16T12:20:22.163997" elapsed="0.006544">ConnectionError: HTTPConnectionPool(host='consul-server', port=8500): Max retries exceeded with url: /v1/kv/test_key_vti (Caused by NewConnectionError('&lt;urllib3.connection.HTTPConnection object at 0x7f0578efb750&gt;: Failed to establish a new connection: [Errno 111] Connection refused'))</status>
</kw>
<kw name="Get And Check Test Data From Consul" owner="keywords">
<arg>${test_key}</arg>
<arg>update_${test_value}</arg>
<status status="NOT RUN" start="2025-12-16T12:20:22.170794" elapsed="0.000071"/>
</kw>
<tag>crud</tag>
<tag>smoke</tag>
<status status="FAIL" start="2025-12-16T12:20:22.163314" elapsed="0.007763">ConnectionError: HTTPConnectionPool(host='consul-server', port=8500): Max retries exceeded with url: /v1/kv/test_key_vti (Caused by NewConnectionError('&lt;urllib3.connection.HTTPConnection object at 0x7f0578efb750&gt;: Failed to establish a new connection: [Errno 111] Connection refused'))</status>
</test>
<test id="s1-s1-s1-s1-t4" name="Test Delete Data" line="28">
<kw name="Delete Test Data From Consul" owner="keywords">
<kw name="Delete Data" owner="ConsulLibrary">
<msg time="2025-12-16T12:20:22.175838" level="FAIL">ConnectionError: HTTPConnectionPool(host='consul-server', port=8500): Max retries exceeded with url: /v1/kv/test_key_vti (Caused by NewConnectionError('&lt;urllib3.connection.HTTPConnection object at 0x7f0578e95ba0&gt;: Failed to establish a new connection: [Errno 111] Connection refused'))</msg>
<var>${response}</var>
<arg>${key}</arg>
<status status="FAIL" start="2025-12-16T12:20:22.174226" elapsed="0.005059">ConnectionError: HTTPConnectionPool(host='consul-server', port=8500): Max retries exceeded with url: /v1/kv/test_key_vti (Caused by NewConnectionError('&lt;urllib3.connection.HTTPConnection object at 0x7f0578e95ba0&gt;: Failed to establish a new connection: [Errno 111] Connection refused'))</status>
</kw>
<kw name="Should Be True" owner="BuiltIn">
<arg>${response}</arg>
<doc>Fails if the given condition is not true.</doc>
<status status="NOT RUN" start="2025-12-16T12:20:22.179714" elapsed="0.000074"/>
</kw>
<arg>${test_key}</arg>
<status status="FAIL" start="2025-12-16T12:20:22.173909" elapsed="0.006080">ConnectionError: HTTPConnectionPool(host='consul-server', port=8500): Max retries exceeded with url: /v1/kv/test_key_vti (Caused by NewConnectionError('&lt;urllib3.connection.HTTPConnection object at 0x7f0578e95ba0&gt;: Failed to establish a new connection: [Errno 111] Connection refused'))</status>
</kw>
<tag>crud</tag>
<tag>smoke</tag>
<status status="FAIL" start="2025-12-16T12:20:22.173416" elapsed="0.006805">ConnectionError: HTTPConnectionPool(host='consul-server', port=8500): Max retries exceeded with url: /v1/kv/test_key_vti (Caused by NewConnectionError('&lt;urllib3.connection.HTTPConnection object at 0x7f0578e95ba0&gt;: Failed to establish a new connection: [Errno 111] Connection refused'))</status>
</test>
<test id="s1-s1-s1-s1-t5" name="Test Create Key Under Path" line="32">
<kw name="Add Test Data To Consul" owner="keywords">
<kw name="Put Data" owner="ConsulLibrary">
<msg time="2025-12-16T12:20:22.185026" level="FAIL">ConnectionError: HTTPConnectionPool(host='consul-server', port=8500): Max retries exceeded with url: /v1/kv/path_test_key/test_data_vti (Caused by NewConnectionError('&lt;urllib3.connection.HTTPConnection object at 0x7f0578e96520&gt;: Failed to establish a new connection: [Errno 111] Connection refused'))</msg>
<var>${response}</var>
<arg>${key}</arg>
<arg>${value}</arg>
<status status="FAIL" start="2025-12-16T12:20:22.183445" elapsed="0.005726">ConnectionError: HTTPConnectionPool(host='consul-server', port=8500): Max retries exceeded with url: /v1/kv/path_test_key/test_data_vti (Caused by NewConnectionError('&lt;urllib3.connection.HTTPConnection object at 0x7f0578e96520&gt;: Failed to establish a new connection: [Errno 111] Connection refused'))</status>
</kw>
<kw name="Should Be True" owner="BuiltIn">
<arg>${response}</arg>
<doc>Fails if the given condition is not true.</doc>
<status status="NOT RUN" start="2025-12-16T12:20:22.189599" elapsed="0.000075"/>
</kw>
<arg>${path_test_key}</arg>
<arg>path_${test_value}</arg>
<status status="FAIL" start="2025-12-16T12:20:22.183048" elapsed="0.006826">ConnectionError: HTTPConnectionPool(host='consul-server', port=8500): Max retries exceeded with url: /v1/kv/path_test_key/test_data_vti (Caused by NewConnectionError('&lt;urllib3.connection.HTTPConnection object at 0x7f0578e96520&gt;: Failed to establish a new connection: [Errno 111] Connection refused'))</status>
</kw>
<tag>crud</tag>
<tag>smoke</tag>
<status status="FAIL" start="2025-12-16T12:20:22.182553" elapsed="0.007541">ConnectionError: HTTPConnectionPool(host='consul-server', port=8500): Max retries exceeded with url: /v1/kv/path_test_key/test_data_vti (Caused by NewConnectionError('&lt;urllib3.connection.HTTPConnection object at 0x7f0578e96520&gt;: Failed to establish a new connection: [Errno 111] Connection refused'))</status>
</test>
<test id="s1-s1-s1-s1-t6" name="Test Read Data Under Path" line="36">
<kw name="Get And Check Test Data From Consul" owner="keywords">
<kw name="Get Data" owner="ConsulLibrary">
<msg time="2025-12-16T12:20:22.194417" level="FAIL">ConnectionError: HTTPConnectionPool(host='consul-server', port=8500): Max retries exceeded with url: /v1/kv/path_test_key/test_data_vti (Caused by NewConnectionError('&lt;urllib3.connection.HTTPConnection object at 0x7f0578be6f90&gt;: Failed to establish a new connection: [Errno 111] Connection refused'))</msg>
<var>${response}</var>
<arg>${key}</arg>
<status status="FAIL" start="2025-12-16T12:20:22.193073" elapsed="0.004643">ConnectionError: HTTPConnectionPool(host='consul-server', port=8500): Max retries exceeded with url: /v1/kv/path_test_key/test_data_vti (Caused by NewConnectionError('&lt;urllib3.connection.HTTPConnection object at 0x7f0578be6f90&gt;: Failed to establish a new connection: [Errno 111] Connection refused'))</status>
</kw>
<kw name="Should Be Equal As Strings" owner="BuiltIn">
<arg>${response}</arg>
<arg>${value}</arg>
<doc>Fails if objects are unequal after converting them to strings.</doc>
<status status="NOT RUN" start="2025-12-16T12:20:22.198131" elapsed="0.000074"/>
</kw>
<arg>${path_test_key}</arg>
<arg>path_${test_value}</arg>
<status status="FAIL" start="2025-12-16T12:20:22.192738" elapsed="0.005669">ConnectionError: HTTPConnectionPool(host='consul-server', port=8500): Max retries exceeded with url: /v1/kv/path_test_key/test_data_vti (Caused by NewConnectionError('&lt;urllib3.connection.HTTPConnection object at 0x7f0578be6f90&gt;: Failed to establish a new connection: [Errno 111] Connection refused'))</status>
</kw>
<tag>crud</tag>
<tag>smoke</tag>
<status status="FAIL" start="2025-12-16T12:20:22.192297" elapsed="0.006330">ConnectionError: HTTPConnectionPool(host='consul-server', port=8500): Max retries exceeded with url: /v1/kv/path_test_key/test_data_vti (Caused by NewConnectionError('&lt;urllib3.connection.HTTPConnection object at 0x7f0578be6f90&gt;: Failed to establish a new connection: [Errno 111] Connection refused'))</status>
</test>
<test id="s1-s1-s1-s1-t7" name="Test Update Data Under Path" line="40">
<kw name="Update Test Data In Consul" owner="keywords">
<kw name="Put Data" owner="ConsulLibrary">
<msg time="2025-12-16T12:20:22.203156" level="FAIL">ConnectionError: HTTPConnectionPool(host='consul-server', port=8500): Max retries exceeded with url: /v1/kv/path_test_key/test_data_vti (Caused by NewConnectionError('&lt;urllib3.connection.HTTPConnection object at 0x7f0578e71480&gt;: Failed to establish a new connection: [Errno 111] Connection refused'))</msg>
<var>${response}</var>
<arg>${key}</arg>
<arg>${value}</arg>
<status status="FAIL" start="2025-12-16T12:20:22.201791" elapsed="0.004605">ConnectionError: HTTPConnectionPool(host='consul-server', port=8500): Max retries exceeded with url: /v1/kv/path_test_key/test_data_vti (Caused by NewConnectionError('&lt;urllib3.connection.HTTPConnection object at 0x7f0578e71480&gt;: Failed to establish a new connection: [Errno 111] Connection refused'))</status>
</kw>
<kw name="Should Be True" owner="BuiltIn">
<arg>${response}</arg>
<doc>Fails if the given condition is not true.</doc>
<status status="NOT RUN" start="2025-12-16T12:20:22.206807" elapsed="0.000074"/>
</kw>
<arg>${path_test_key}</arg>
<arg>update_path_${test_value}</arg>
<status status="FAIL" start="2025-12-16T12:20:22.201457" elapsed="0.005624">ConnectionError: HTTPConnectionPool(host='consul-server', port=8500): Max retries exceeded with url: /v1/kv/path_test_key/test_data_vti (Caused by NewConnectionError('&lt;urllib3.connection.HTTPConnection object at 0x7f0578e71480&gt;: Failed to establish a new connection: [Errno 111] Connection refused'))</status>
</kw>
<kw name="Get And Check Test Data From Consul" owner="keywords">
<arg>${path_test_key}</arg>
<arg>update_path_${test_value}</arg>
<status status="NOT RUN" start="2025-12-16T12:20:22.207343" elapsed="0.000073"/>
</kw>
<tag>crud</tag>
<tag>smoke</tag>
<status status="FAIL" start="2025-12-16T12:20:22.201004" elapsed="0.006625">ConnectionError: HTTPConnectionPool(host='consul-server', port=8500): Max retries exceeded with url: /v1/kv/path_test_key/test_data_vti (Caused by NewConnectionError('&lt;urllib3.connection.HTTPConnection object at 0x7f0578e71480&gt;: Failed to establish a new connection: [Errno 111] Connection refused'))</status>
</test>
<test id="s1-s1-s1-s1-t8" name="Test Delete Data Under Path" line="45">
<kw name="Delete Test Data From Consul" owner="keywords">
<kw name="Delete Data" owner="ConsulLibrary">
<msg time="2025-12-16T12:20:22.211976" level="FAIL">ConnectionError: HTTPConnectionPool(host='consul-server', port=8500): Max retries exceeded with url: /v1/kv/path_test_key/test_data_vti (Caused by NewConnectionError('&lt;urllib3.connection.HTTPConnection object at 0x7f0578e72360&gt;: Failed to establish a new connection: [Errno 111] Connection refused'))</msg>
<var>${response}</var>
<arg>${key}</arg>
<status status="FAIL" start="2025-12-16T12:20:22.210675" elapsed="0.004853">ConnectionError: HTTPConnectionPool(host='consul-server', port=8500): Max retries exceeded with url: /v1/kv/path_test_key/test_data_vti (Caused by NewConnectionError('&lt;urllib3.connection.HTTPConnection object at 0x7f0578e72360&gt;: Failed to establish a new connection: [Errno 111] Connection refused'))</status>
</kw>
<kw name="Should Be True" owner="BuiltIn">
<arg>${response}</arg>
<doc>Fails if the given condition is not true.</doc>
<status status="NOT RUN" start="2025-12-16T12:20:22.215933" elapsed="0.000075"/>
</kw>
<arg>${path_test_key}</arg>
<status status="FAIL" start="2025-12-16T12:20:22.210374" elapsed="0.005846">ConnectionError: HTTPConnectionPool(host='consul-server', port=8500): Max retries exceeded with url: /v1/kv/path_test_key/test_data_vti (Caused by NewConnectionError('&lt;urllib3.connection.HTTPConnection object at 0x7f0578e72360&gt;: Failed to establish a new connection: [Errno 111] Connection refused'))</status>
</kw>
<tag>crud</tag>
<tag>smoke</tag>
<status status="FAIL" start="2025-12-16T12:20:22.209938" elapsed="0.006501">ConnectionError: HTTPConnectionPool(host='consul-server', port=8500): Max retries exceeded with url: /v1/kv/path_test_key/test_data_vti (Caused by NewConnectionError('&lt;urllib3.connection.HTTPConnection object at 0x7f0578e72360&gt;: Failed to establish a new connection: [Errno 111] Connection refused'))</status>
</test>
<status status="FAIL" start="2025-12-16T12:20:01.114455" elapsed="21.104367"/>
</suite>
<status status="FAIL" start="2025-12-16T12:20:01.113510" elapsed="21.108999"/>
</suite>
<status status="FAIL" start="2025-12-16T12:20:01.112371" elapsed="21.110827"/>
</suite>
<status status="FAIL" start="2025-12-16T12:20:01.096673" elapsed="21.127119"/>
</suite>
<statistics>
<total>
<stat pass="0" fail="8" skip="0">All Tests</stat>
</total>
<tag>
<stat pass="0" fail="8" skip="0">crud</stat>
<stat pass="0" fail="8" skip="0">smoke</stat>
</tag>
<suite>
<stat name="Tests" id="s1" pass="0" fail="8" skip="0">Tests</stat>
<stat name="Consul" id="s1-s1" pass="0" fail="8" skip="0">Tests.Consul</stat>
<stat name="Crud" id="s1-s1-s1" pass="0" fail="8" skip="0">Tests.Consul.Crud</stat>
<stat name="Crud" id="s1-s1-s1-s1" pass="0" fail="8" skip="0">Tests.Consul.Crud.Crud</stat>
</suite>
</statistics>
<errors>
<msg time="2025-12-16T12:20:00.904604" level="WARN">Error in file '/opt/robot/tests/consul/alerts/alerts.robot' on line 28: The '[Return]' setting is deprecated. Use the 'RETURN' statement instead.</msg>
<msg time="2025-12-16T12:20:00.909422" level="WARN">Error in file '/opt/robot/tests/consul/backup/backup.robot' on line 36: The '[Return]' setting is deprecated. Use the 'RETURN' statement instead.</msg>
<msg time="2025-12-16T12:20:00.909693" level="WARN">Error in file '/opt/robot/tests/consul/backup/backup.robot' on line 48: The '[Return]' setting is deprecated. Use the 'RETURN' statement instead.</msg>
<msg time="2025-12-16T12:20:00.910123" level="WARN">Error in file '/opt/robot/tests/consul/backup/backup.robot' on line 83: The '[Return]' setting is deprecated. Use the 'RETURN' statement instead.</msg>
<msg time="2025-12-16T12:20:00.914161" level="WARN">Error in file '/opt/robot/tests/consul/backup/backup_s3.robot' on line 50: The '[Return]' setting is deprecated. Use the 'RETURN' statement instead.</msg>
<msg time="2025-12-16T12:20:00.914574" level="WARN">Error in file '/opt/robot/tests/consul/backup/backup_s3.robot' on line 85: The '[Return]' setting is deprecated. Use the 'RETURN' statement instead.</msg>
<msg time="2025-12-16T12:20:00.919504" level="WARN">Error in file '/opt/robot/tests/consul/ha/consul_ha.robot' on line 27: The '[Return]' setting is deprecated. Use the 'RETURN' statement instead.</msg>
<msg time="2025-12-16T12:20:00.919679" level="WARN">Error in file '/opt/robot/tests/consul/ha/consul_ha.robot' on line 32: The '[Return]' setting is deprecated. Use the 'RETURN' statement instead.</msg>
<msg time="2025-12-16T12:20:00.919972" level="WARN">Error in file '/opt/robot/tests/consul/ha/consul_ha.robot' on line 54: The '[Return]' setting is deprecated. Use the 'RETURN' statement instead.</msg>
</errors>
</robot>
