<?xml version="1.0" encoding="UTF-8"?>
<robot generator="Robot 7.3.2 (Python 3.13.9 on linux)" generated="2025-11-01T10:43:36.666997" rpa="false" schemaversion="5">
<suite id="s1" name="Tests" source="/opt/robot/tests">
<suite id="s1-s1" name="Consul" source="/opt/robot/tests/consul">
<suite id="s1-s1-s1" name="Crud" source="/opt/robot/tests/consul/crud">
<suite id="s1-s1-s1-s1" name="Crud" source="/opt/robot/tests/consul/crud/crud.robot">
<kw name="Preparation" type="SETUP">
<kw name="Generate Random String" owner="String">
<msg time="2025-11-01T10:43:37.785788" level="INFO">${random_id} = xxd</msg>
<var>${random_id}</var>
<arg>3</arg>
<arg>[LOWER]</arg>
<doc>Generates a string with a desired ``length`` from the given ``chars``.</doc>
<status status="PASS" start="2025-11-01T10:43:37.785179" elapsed="0.000692"/>
</kw>
<kw name="Set Suite Variable" owner="BuiltIn">
<msg time="2025-11-01T10:43:37.787833" level="INFO">${test_key} = test_key_xxd</msg>
<arg>${test_key}</arg>
<arg>test_key_${random_id}</arg>
<doc>Makes a variable available everywhere within the scope of the current suite.</doc>
<status status="PASS" start="2025-11-01T10:43:37.786633" elapsed="0.001312"/>
</kw>
<kw name="Set Suite Variable" owner="BuiltIn">
<msg time="2025-11-01T10:43:37.789816" level="INFO">${path_test_key} = path_test_key/test_data_xxd</msg>
<arg>${path_test_key}</arg>
<arg>path_test_key/test_data_${random_id}</arg>
<doc>Makes a variable available everywhere within the scope of the current suite.</doc>
<status status="PASS" start="2025-11-01T10:43:37.788552" elapsed="0.001359"/>
</kw>
<kw name="Set Suite Variable" owner="BuiltIn">
<msg time="2025-11-01T10:43:37.850881" level="INFO">${test_value} = test_value_xxd</msg>
<arg>${test_value}</arg>
<arg>test_value_${random_id}</arg>
<doc>Makes a variable available everywhere within the scope of the current suite.</doc>
<status status="PASS" start="2025-11-01T10:43:37.850183" elapsed="0.000757"/>
</kw>
<status status="PASS" start="2025-11-01T10:43:37.783944" elapsed="0.067338"/>
</kw>
<test id="s1-s1-s1-s1-t1" name="Test Add Data" line="15">
<kw name="Add Test Data To Consul" owner="keywords">
<kw name="Put Data" owner="ConsulLibrary">
<msg time="2025-11-01T10:43:37.860748" level="INFO">${response} = True</msg>
<var>${response}</var>
<arg>${key}</arg>
<arg>${value}</arg>
<status status="PASS" start="2025-11-01T10:43:37.852443" elapsed="0.008348"/>
</kw>
<kw name="Should Be True" owner="BuiltIn">
<arg>${response}</arg>
<doc>Fails if the given condition is not true.</doc>
<status status="PASS" start="2025-11-01T10:43:37.861192" elapsed="0.000197"/>
</kw>
<arg>${test_key}</arg>
<arg>${test_value}</arg>
<status status="PASS" start="2025-11-01T10:43:37.852086" elapsed="0.009471"/>
</kw>
<tag>crud</tag>
<tag>smoke</tag>
<status status="PASS" start="2025-11-01T10:43:37.851485" elapsed="0.010276"/>
</test>
<test id="s1-s1-s1-s1-t2" name="Test Read Data" line="19">
<kw name="Get And Check Test Data From Consul" owner="keywords">
<kw name="Get Data" owner="ConsulLibrary">
<msg time="2025-11-01T10:43:37.873122" level="INFO">${response} = test_value_xxd</msg>
<var>${response}</var>
<arg>${key}</arg>
<status status="PASS" start="2025-11-01T10:43:37.868396" elapsed="0.004807"/>
</kw>
<kw name="Should Be Equal As Strings" owner="BuiltIn">
<msg time="2025-11-01T10:43:37.874410" level="INFO">Argument types are:
&lt;class 'bytes'&gt;
&lt;class 'str'&gt;</msg>
<arg>${response}</arg>
<arg>${value}</arg>
<doc>Fails if objects are unequal after converting them to strings.</doc>
<status status="PASS" start="2025-11-01T10:43:37.873912" elapsed="0.000638"/>
</kw>
<arg>${test_key}</arg>
<arg>${test_value}</arg>
<status status="PASS" start="2025-11-01T10:43:37.867673" elapsed="0.007487"/>
</kw>
<tag>crud</tag>
<tag>smoke</tag>
<status status="PASS" start="2025-11-01T10:43:37.866764" elapsed="0.008810"/>
</test>
<test id="s1-s1-s1-s1-t3" name="Test Update Data" line="23">
<kw name="Update Test Data In Consul" owner="keywords">
<kw name="Put Data" owner="ConsulLibrary">
<msg time="2025-11-01T10:43:37.888302" level="INFO">${response} = True</msg>
<var>${response}</var>
<arg>${key}</arg>
<arg>${value}</arg>
<status status="PASS" start="2025-11-01T10:43:37.880903" elapsed="0.007439"/>
</kw>
<kw name="Should Be True" owner="BuiltIn">
<arg>${response}</arg>
<doc>Fails if the given condition is not true.</doc>
<status status="PASS" start="2025-11-01T10:43:37.888700" elapsed="0.000185"/>
</kw>
<arg>${test_key}</arg>
<arg>update_${test_value}</arg>
<status status="PASS" start="2025-11-01T10:43:37.880371" elapsed="0.008672"/>
</kw>
<kw name="Get And Check Test Data From Consul" owner="keywords">
<kw name="Get Data" owner="ConsulLibrary">
<msg time="2025-11-01T10:43:37.891470" level="INFO">${response} = update_test_value_xxd</msg>
<var>${response}</var>
<arg>${key}</arg>
<status status="PASS" start="2025-11-01T10:43:37.889598" elapsed="0.001913"/>
</kw>
<kw name="Should Be Equal As Strings" owner="BuiltIn">
<msg time="2025-11-01T10:43:37.892088" level="INFO">Argument types are:
&lt;class 'bytes'&gt;
&lt;class 'str'&gt;</msg>
<arg>${response}</arg>
<arg>${value}</arg>
<doc>Fails if objects are unequal after converting them to strings.</doc>
<status status="PASS" start="2025-11-01T10:43:37.891867" elapsed="0.000282"/>
</kw>
<arg>${test_key}</arg>
<arg>update_${test_value}</arg>
<status status="PASS" start="2025-11-01T10:43:37.889261" elapsed="0.003177"/>
</kw>
<tag>crud</tag>
<tag>smoke</tag>
<status status="PASS" start="2025-11-01T10:43:37.879668" elapsed="0.012966"/>
</test>
<test id="s1-s1-s1-s1-t4" name="Test Delete Data" line="28">
<kw name="Delete Test Data From Consul" owner="keywords">
<kw name="Delete Data" owner="ConsulLibrary">
<msg time="2025-11-01T10:43:37.903349" level="INFO">${response} = True</msg>
<var>${response}</var>
<arg>${key}</arg>
<status status="PASS" start="2025-11-01T10:43:37.896102" elapsed="0.007286"/>
</kw>
<kw name="Should Be True" owner="BuiltIn">
<arg>${response}</arg>
<doc>Fails if the given condition is not true.</doc>
<status status="PASS" start="2025-11-01T10:43:37.903742" elapsed="0.000185"/>
</kw>
<arg>${test_key}</arg>
<status status="PASS" start="2025-11-01T10:43:37.895783" elapsed="0.008317"/>
</kw>
<tag>crud</tag>
<tag>smoke</tag>
<status status="PASS" start="2025-11-01T10:43:37.895004" elapsed="0.009286"/>
</test>
<test id="s1-s1-s1-s1-t5" name="Test Create Key Under Path" line="32">
<kw name="Add Test Data To Consul" owner="keywords">
<kw name="Put Data" owner="ConsulLibrary">
<msg time="2025-11-01T10:43:37.913959" level="INFO">${response} = True</msg>
<var>${response}</var>
<arg>${key}</arg>
<arg>${value}</arg>
<status status="PASS" start="2025-11-01T10:43:37.907718" elapsed="0.006282"/>
</kw>
<kw name="Should Be True" owner="BuiltIn">
<arg>${response}</arg>
<doc>Fails if the given condition is not true.</doc>
<status status="PASS" start="2025-11-01T10:43:37.914351" elapsed="0.000182"/>
</kw>
<arg>${path_test_key}</arg>
<arg>path_${test_value}</arg>
<status status="PASS" start="2025-11-01T10:43:37.907252" elapsed="0.007436"/>
</kw>
<tag>crud</tag>
<tag>smoke</tag>
<status status="PASS" start="2025-11-01T10:43:37.906645" elapsed="0.008241"/>
</test>
<test id="s1-s1-s1-s1-t6" name="Test Read Data Under Path" line="36">
<kw name="Get And Check Test Data From Consul" owner="keywords">
<kw name="Get Data" owner="ConsulLibrary">
<msg time="2025-11-01T10:43:37.956361" level="INFO">${response} = path_test_value_xxd</msg>
<var>${response}</var>
<arg>${key}</arg>
<status status="PASS" start="2025-11-01T10:43:37.951249" elapsed="0.005177"/>
</kw>
<kw name="Should Be Equal As Strings" owner="BuiltIn">
<msg time="2025-11-01T10:43:37.957119" level="INFO">Argument types are:
&lt;class 'bytes'&gt;
&lt;class 'str'&gt;</msg>
<arg>${response}</arg>
<arg>${value}</arg>
<doc>Fails if objects are unequal after converting them to strings.</doc>
<status status="PASS" start="2025-11-01T10:43:37.956893" elapsed="0.000285"/>
</kw>
<arg>${path_test_key}</arg>
<arg>path_${test_value}</arg>
<status status="PASS" start="2025-11-01T10:43:37.950835" elapsed="0.006633"/>
</kw>
<tag>crud</tag>
<tag>smoke</tag>
<status status="PASS" start="2025-11-01T10:43:37.950156" elapsed="0.007506"/>
</test>
<test id="s1-s1-s1-s1-t7" name="Test Update Data Under Path" line="40">
<kw name="Update Test Data In Consul" owner="keywords">
<kw name="Put Data" owner="ConsulLibrary">
<msg time="2025-11-01T10:43:37.969147" level="INFO">${response} = True</msg>
<var>${response}</var>
<arg>${key}</arg>
<arg>${value}</arg>
<status status="PASS" start="2025-11-01T10:43:37.961252" elapsed="0.007935"/>
</kw>
<kw name="Should Be True" owner="BuiltIn">
<arg>${response}</arg>
<doc>Fails if the given condition is not true.</doc>
<status status="PASS" start="2025-11-01T10:43:37.969540" elapsed="0.000183"/>
</kw>
<arg>${path_test_key}</arg>
<arg>update_path_${test_value}</arg>
<status status="PASS" start="2025-11-01T10:43:37.960877" elapsed="0.009004"/>
</kw>
<kw name="Get And Check Test Data From Consul" owner="keywords">
<kw name="Get Data" owner="ConsulLibrary">
<msg time="2025-11-01T10:43:37.972737" level="INFO">${response} = update_path_test_value_xxd</msg>
<var>${response}</var>
<arg>${key}</arg>
<status status="PASS" start="2025-11-01T10:43:37.970525" elapsed="0.002249"/>
</kw>
<kw name="Should Be Equal As Strings" owner="BuiltIn">
<msg time="2025-11-01T10:43:37.973303" level="INFO">Argument types are:
&lt;class 'bytes'&gt;
&lt;class 'str'&gt;</msg>
<arg>${response}</arg>
<arg>${value}</arg>
<doc>Fails if objects are unequal after converting them to strings.</doc>
<status status="PASS" start="2025-11-01T10:43:37.973112" elapsed="0.000247"/>
</kw>
<arg>${path_test_key}</arg>
<arg>update_path_${test_value}</arg>
<status status="PASS" start="2025-11-01T10:43:37.970196" elapsed="0.003440"/>
</kw>
<tag>crud</tag>
<tag>smoke</tag>
<status status="PASS" start="2025-11-01T10:43:37.960215" elapsed="0.013611"/>
</test>
<test id="s1-s1-s1-s1-t8" name="Test Delete Data Under Path" line="45">
<kw name="Delete Test Data From Consul" owner="keywords">
<kw name="Delete Data" owner="ConsulLibrary">
<msg time="2025-11-01T10:43:37.985336" level="INFO">${response} = True</msg>
<var>${response}</var>
<arg>${key}</arg>
<status status="PASS" start="2025-11-01T10:43:37.977555" elapsed="0.007824"/>
</kw>
<kw name="Should Be True" owner="BuiltIn">
<arg>${response}</arg>
<doc>Fails if the given condition is not true.</doc>
<status status="PASS" start="2025-11-01T10:43:37.985735" elapsed="0.000183"/>
</kw>
<arg>${path_test_key}</arg>
<status status="PASS" start="2025-11-01T10:43:37.977040" elapsed="0.009035"/>
</kw>
<tag>crud</tag>
<tag>smoke</tag>
<status status="PASS" start="2025-11-01T10:43:37.976360" elapsed="0.009895"/>
</test>
<status status="PASS" start="2025-11-01T10:43:36.854199" elapsed="1.134591"/>
</suite>
<status status="PASS" start="2025-11-01T10:43:36.852889" elapsed="1.140473"/>
</suite>
<status status="PASS" start="2025-11-01T10:43:36.850942" elapsed="1.143417"/>
</suite>
<status status="PASS" start="2025-11-01T10:43:36.774287" elapsed="1.220968"/>
</suite>
<statistics>
<total>
<stat pass="8" fail="0" skip="0">All Tests</stat>
</total>
<tag>
<stat pass="8" fail="0" skip="0">crud</stat>
<stat pass="8" fail="0" skip="0">smoke</stat>
</tag>
<suite>
<stat name="Tests" id="s1" pass="8" fail="0" skip="0">Tests</stat>
<stat name="Consul" id="s1-s1" pass="8" fail="0" skip="0">Tests.Consul</stat>
<stat name="Crud" id="s1-s1-s1" pass="8" fail="0" skip="0">Tests.Consul.Crud</stat>
<stat name="Crud" id="s1-s1-s1-s1" pass="8" fail="0" skip="0">Tests.Consul.Crud.Crud</stat>
</suite>
</statistics>
<errors>
<msg time="2025-11-01T10:43:36.585295" level="WARN">Error in file '/opt/robot/tests/consul/alerts/alerts.robot' on line 28: The '[Return]' setting is deprecated. Use the 'RETURN' statement instead.</msg>
<msg time="2025-11-01T10:43:36.590339" level="WARN">Error in file '/opt/robot/tests/consul/backup/backup.robot' on line 36: The '[Return]' setting is deprecated. Use the 'RETURN' statement instead.</msg>
<msg time="2025-11-01T10:43:36.590799" level="WARN">Error in file '/opt/robot/tests/consul/backup/backup.robot' on line 48: The '[Return]' setting is deprecated. Use the 'RETURN' statement instead.</msg>
<msg time="2025-11-01T10:43:36.591466" level="WARN">Error in file '/opt/robot/tests/consul/backup/backup.robot' on line 83: The '[Return]' setting is deprecated. Use the 'RETURN' statement instead.</msg>
<msg time="2025-11-01T10:43:36.654106" level="WARN">Error in file '/opt/robot/tests/consul/backup/backup_s3.robot' on line 50: The '[Return]' setting is deprecated. Use the 'RETURN' statement instead.</msg>
<msg time="2025-11-01T10:43:36.654779" level="WARN">Error in file '/opt/robot/tests/consul/backup/backup_s3.robot' on line 85: The '[Return]' setting is deprecated. Use the 'RETURN' statement instead.</msg>
<msg time="2025-11-01T10:43:36.660218" level="WARN">Error in file '/opt/robot/tests/consul/ha/consul_ha.robot' on line 27: The '[Return]' setting is deprecated. Use the 'RETURN' statement instead.</msg>
<msg time="2025-11-01T10:43:36.660400" level="WARN">Error in file '/opt/robot/tests/consul/ha/consul_ha.robot' on line 32: The '[Return]' setting is deprecated. Use the 'RETURN' statement instead.</msg>
<msg time="2025-11-01T10:43:36.660840" level="WARN">Error in file '/opt/robot/tests/consul/ha/consul_ha.robot' on line 54: The '[Return]' setting is deprecated. Use the 'RETURN' statement instead.</msg>
</errors>
</robot>
