<?xml version="1.0" encoding="UTF-8"?>
<robot generator="Robot 7.3.2 (Python 3.13.9 on linux)" generated="2025-11-01T11:05:50.554400" rpa="false" schemaversion="5">
<suite id="s1" name="Tests" source="/opt/robot/tests">
<suite id="s1-s1" name="Consul" source="/opt/robot/tests/consul">
<suite id="s1-s1-s1" name="Crud" source="/opt/robot/tests/consul/crud">
<suite id="s1-s1-s1-s1" name="Crud" source="/opt/robot/tests/consul/crud/crud.robot">
<kw name="Preparation" type="SETUP">
<kw name="Generate Random String" owner="String">
<msg time="2025-11-01T11:05:51.676864" level="INFO">${random_id} = zrf</msg>
<var>${random_id}</var>
<arg>3</arg>
<arg>[LOWER]</arg>
<doc>Generates a string with a desired ``length`` from the given ``chars``.</doc>
<status status="PASS" start="2025-11-01T11:05:51.676484" elapsed="0.000430"/>
</kw>
<kw name="Set Suite Variable" owner="BuiltIn">
<msg time="2025-11-01T11:05:51.678159" level="INFO">${test_key} = test_key_zrf</msg>
<arg>${test_key}</arg>
<arg>test_key_${random_id}</arg>
<doc>Makes a variable available everywhere within the scope of the current suite.</doc>
<status status="PASS" start="2025-11-01T11:05:51.677426" elapsed="0.000801"/>
</kw>
<kw name="Set Suite Variable" owner="BuiltIn">
<msg time="2025-11-01T11:05:51.679276" level="INFO">${path_test_key} = path_test_key/test_data_zrf</msg>
<arg>${path_test_key}</arg>
<arg>path_test_key/test_data_${random_id}</arg>
<doc>Makes a variable available everywhere within the scope of the current suite.</doc>
<status status="PASS" start="2025-11-01T11:05:51.678647" elapsed="0.000681"/>
</kw>
<kw name="Set Suite Variable" owner="BuiltIn">
<msg time="2025-11-01T11:05:51.680363" level="INFO">${test_value} = test_value_zrf</msg>
<arg>${test_value}</arg>
<arg>test_value_${random_id}</arg>
<doc>Makes a variable available everywhere within the scope of the current suite.</doc>
<status status="PASS" start="2025-11-01T11:05:51.679661" elapsed="0.000761"/>
</kw>
<status status="PASS" start="2025-11-01T11:05:51.675571" elapsed="0.005183"/>
</kw>
<test id="s1-s1-s1-s1-t1" name="Test Add Data" line="15">
<kw name="Add Test Data To Consul" owner="keywords">
<kw name="Put Data" owner="ConsulLibrary">
<msg time="2025-11-01T11:05:51.691479" level="INFO">${response} = True</msg>
<var>${response}</var>
<arg>${key}</arg>
<arg>${value}</arg>
<status status="PASS" start="2025-11-01T11:05:51.681879" elapsed="0.009660"/>
</kw>
<kw name="Should Be True" owner="BuiltIn">
<arg>${response}</arg>
<doc>Fails if the given condition is not true.</doc>
<status status="PASS" start="2025-11-01T11:05:51.692053" elapsed="0.000334"/>
</kw>
<arg>${test_key}</arg>
<arg>${test_value}</arg>
<status status="PASS" start="2025-11-01T11:05:51.681523" elapsed="0.011064"/>
</kw>
<tag>crud</tag>
<tag>smoke</tag>
<status status="PASS" start="2025-11-01T11:05:51.680953" elapsed="0.011866"/>
</test>
<test id="s1-s1-s1-s1-t2" name="Test Read Data" line="19">
<kw name="Get And Check Test Data From Consul" owner="keywords">
<kw name="Get Data" owner="ConsulLibrary">
<msg time="2025-11-01T11:05:51.752555" level="INFO">${response} = test_value_zrf</msg>
<var>${response}</var>
<arg>${key}</arg>
<status status="PASS" start="2025-11-01T11:05:51.696607" elapsed="0.055989"/>
</kw>
<kw name="Should Be Equal As Strings" owner="BuiltIn">
<msg time="2025-11-01T11:05:51.753156" level="INFO">Argument types are:
&lt;class 'bytes'&gt;
&lt;class 'str'&gt;</msg>
<arg>${response}</arg>
<arg>${value}</arg>
<doc>Fails if objects are unequal after converting them to strings.</doc>
<status status="PASS" start="2025-11-01T11:05:51.752951" elapsed="0.000267"/>
</kw>
<arg>${test_key}</arg>
<arg>${test_value}</arg>
<status status="PASS" start="2025-11-01T11:05:51.696165" elapsed="0.057339"/>
</kw>
<tag>crud</tag>
<tag>smoke</tag>
<status status="PASS" start="2025-11-01T11:05:51.695506" elapsed="0.058231"/>
</test>
<test id="s1-s1-s1-s1-t3" name="Test Update Data" line="23">
<kw name="Update Test Data In Consul" owner="keywords">
<kw name="Put Data" owner="ConsulLibrary">
<msg time="2025-11-01T11:05:51.764615" level="INFO">${response} = True</msg>
<var>${response}</var>
<arg>${key}</arg>
<arg>${value}</arg>
<status status="PASS" start="2025-11-01T11:05:51.757206" elapsed="0.007449"/>
</kw>
<kw name="Should Be True" owner="BuiltIn">
<arg>${response}</arg>
<doc>Fails if the given condition is not true.</doc>
<status status="PASS" start="2025-11-01T11:05:51.765011" elapsed="0.000185"/>
</kw>
<arg>${test_key}</arg>
<arg>update_${test_value}</arg>
<status status="PASS" start="2025-11-01T11:05:51.756629" elapsed="0.008756"/>
</kw>
<kw name="Get And Check Test Data From Consul" owner="keywords">
<kw name="Get Data" owner="ConsulLibrary">
<msg time="2025-11-01T11:05:51.767717" level="INFO">${response} = update_test_value_zrf</msg>
<var>${response}</var>
<arg>${key}</arg>
<status status="PASS" start="2025-11-01T11:05:51.765916" elapsed="0.001849"/>
</kw>
<kw name="Should Be Equal As Strings" owner="BuiltIn">
<msg time="2025-11-01T11:05:51.768415" level="INFO">Argument types are:
&lt;class 'bytes'&gt;
&lt;class 'str'&gt;</msg>
<arg>${response}</arg>
<arg>${value}</arg>
<doc>Fails if objects are unequal after converting them to strings.</doc>
<status status="PASS" start="2025-11-01T11:05:51.768163" elapsed="0.000344"/>
</kw>
<arg>${test_key}</arg>
<arg>update_${test_value}</arg>
<status status="PASS" start="2025-11-01T11:05:51.765608" elapsed="0.003219"/>
</kw>
<tag>crud</tag>
<tag>smoke</tag>
<status status="PASS" start="2025-11-01T11:05:51.756023" elapsed="0.013002"/>
</test>
<test id="s1-s1-s1-s1-t4" name="Test Delete Data" line="28">
<kw name="Delete Test Data From Consul" owner="keywords">
<kw name="Delete Data" owner="ConsulLibrary">
<msg time="2025-11-01T11:05:51.780491" level="INFO">${response} = True</msg>
<var>${response}</var>
<arg>${key}</arg>
<status status="PASS" start="2025-11-01T11:05:51.772317" elapsed="0.008214"/>
</kw>
<kw name="Should Be True" owner="BuiltIn">
<arg>${response}</arg>
<doc>Fails if the given condition is not true.</doc>
<status status="PASS" start="2025-11-01T11:05:51.780888" elapsed="0.000178"/>
</kw>
<arg>${test_key}</arg>
<status status="PASS" start="2025-11-01T11:05:51.772022" elapsed="0.009199"/>
</kw>
<tag>crud</tag>
<tag>smoke</tag>
<status status="PASS" start="2025-11-01T11:05:51.771409" elapsed="0.009999"/>
</test>
<test id="s1-s1-s1-s1-t5" name="Test Create Key Under Path" line="32">
<kw name="Add Test Data To Consul" owner="keywords">
<kw name="Put Data" owner="ConsulLibrary">
<msg time="2025-11-01T11:05:51.791811" level="INFO">${response} = True</msg>
<var>${response}</var>
<arg>${key}</arg>
<arg>${value}</arg>
<status status="PASS" start="2025-11-01T11:05:51.784602" elapsed="0.007249"/>
</kw>
<kw name="Should Be True" owner="BuiltIn">
<arg>${response}</arg>
<doc>Fails if the given condition is not true.</doc>
<status status="PASS" start="2025-11-01T11:05:51.792228" elapsed="0.000260"/>
</kw>
<arg>${path_test_key}</arg>
<arg>path_${test_value}</arg>
<status status="PASS" start="2025-11-01T11:05:51.784248" elapsed="0.008408"/>
</kw>
<tag>crud</tag>
<tag>smoke</tag>
<status status="PASS" start="2025-11-01T11:05:51.783605" elapsed="0.009247"/>
</test>
<test id="s1-s1-s1-s1-t6" name="Test Read Data Under Path" line="36">
<kw name="Get And Check Test Data From Consul" owner="keywords">
<kw name="Get Data" owner="ConsulLibrary">
<msg time="2025-11-01T11:05:51.798845" level="INFO">${response} = path_test_value_zrf</msg>
<var>${response}</var>
<arg>${key}</arg>
<status status="PASS" start="2025-11-01T11:05:51.796109" elapsed="0.002775"/>
</kw>
<kw name="Should Be Equal As Strings" owner="BuiltIn">
<msg time="2025-11-01T11:05:51.799431" level="INFO">Argument types are:
&lt;class 'bytes'&gt;
&lt;class 'str'&gt;</msg>
<arg>${response}</arg>
<arg>${value}</arg>
<doc>Fails if objects are unequal after converting them to strings.</doc>
<status status="PASS" start="2025-11-01T11:05:51.799232" elapsed="0.000259"/>
</kw>
<arg>${path_test_key}</arg>
<arg>path_${test_value}</arg>
<status status="PASS" start="2025-11-01T11:05:51.795754" elapsed="0.004049"/>
</kw>
<tag>crud</tag>
<tag>smoke</tag>
<status status="PASS" start="2025-11-01T11:05:51.795116" elapsed="0.004928"/>
</test>
<test id="s1-s1-s1-s1-t7" name="Test Update Data Under Path" line="40">
<kw name="Update Test Data In Consul" owner="keywords">
<kw name="Put Data" owner="ConsulLibrary">
<msg time="2025-11-01T11:05:51.811382" level="INFO">${response} = True</msg>
<var>${response}</var>
<arg>${key}</arg>
<arg>${value}</arg>
<status status="PASS" start="2025-11-01T11:05:51.803326" elapsed="0.008097"/>
</kw>
<kw name="Should Be True" owner="BuiltIn">
<arg>${response}</arg>
<doc>Fails if the given condition is not true.</doc>
<status status="PASS" start="2025-11-01T11:05:51.811776" elapsed="0.000200"/>
</kw>
<arg>${path_test_key}</arg>
<arg>update_path_${test_value}</arg>
<status status="PASS" start="2025-11-01T11:05:51.802991" elapsed="0.009149"/>
</kw>
<kw name="Get And Check Test Data From Consul" owner="keywords">
<kw name="Get Data" owner="ConsulLibrary">
<msg time="2025-11-01T11:05:51.814214" level="INFO">${response} = update_path_test_value_zrf</msg>
<var>${response}</var>
<arg>${key}</arg>
<status status="PASS" start="2025-11-01T11:05:51.812693" elapsed="0.001560"/>
</kw>
<kw name="Should Be Equal As Strings" owner="BuiltIn">
<msg time="2025-11-01T11:05:51.814861" level="INFO">Argument types are:
&lt;class 'bytes'&gt;
&lt;class 'str'&gt;</msg>
<arg>${response}</arg>
<arg>${value}</arg>
<doc>Fails if objects are unequal after converting them to strings.</doc>
<status status="PASS" start="2025-11-01T11:05:51.814625" elapsed="0.000295"/>
</kw>
<arg>${path_test_key}</arg>
<arg>update_path_${test_value}</arg>
<status status="PASS" start="2025-11-01T11:05:51.812360" elapsed="0.002846"/>
</kw>
<tag>crud</tag>
<tag>smoke</tag>
<status status="PASS" start="2025-11-01T11:05:51.802439" elapsed="0.012986"/>
</test>
<test id="s1-s1-s1-s1-t8" name="Test Delete Data Under Path" line="45">
<kw name="Delete Test Data From Consul" owner="keywords">
<kw name="Delete Data" owner="ConsulLibrary">
<msg time="2025-11-01T11:05:51.860021" level="INFO">${response} = True</msg>
<var>${response}</var>
<arg>${key}</arg>
<status status="PASS" start="2025-11-01T11:05:51.818833" elapsed="0.041233"/>
</kw>
<kw name="Should Be True" owner="BuiltIn">
<arg>${response}</arg>
<doc>Fails if the given condition is not true.</doc>
<status status="PASS" start="2025-11-01T11:05:51.860428" elapsed="0.000186"/>
</kw>
<arg>${path_test_key}</arg>
<status status="PASS" start="2025-11-01T11:05:51.818533" elapsed="0.042239"/>
</kw>
<tag>crud</tag>
<tag>smoke</tag>
<status status="PASS" start="2025-11-01T11:05:51.817926" elapsed="0.043026"/>
</test>
<status status="PASS" start="2025-11-01T11:05:50.680711" elapsed="1.182868"/>
</suite>
<status status="PASS" start="2025-11-01T11:05:50.679458" elapsed="1.188033"/>
</suite>
<status status="PASS" start="2025-11-01T11:05:50.678131" elapsed="1.190375"/>
</suite>
<status status="PASS" start="2025-11-01T11:05:50.663061" elapsed="1.206354"/>
</suite>
<statistics>
<total>
<stat pass="8" fail="0" skip="0">All Tests</stat>
</total>
<tag>
<stat pass="8" fail="0" skip="0">crud</stat>
<stat pass="8" fail="0" skip="0">smoke</stat>
</tag>
<suite>
<stat name="Tests" id="s1" pass="8" fail="0" skip="0">Tests</stat>
<stat name="Consul" id="s1-s1" pass="8" fail="0" skip="0">Tests.Consul</stat>
<stat name="Crud" id="s1-s1-s1" pass="8" fail="0" skip="0">Tests.Consul.Crud</stat>
<stat name="Crud" id="s1-s1-s1-s1" pass="8" fail="0" skip="0">Tests.Consul.Crud.Crud</stat>
</suite>
</statistics>
<errors>
<msg time="2025-11-01T11:05:50.470599" level="WARN">Error in file '/opt/robot/tests/consul/alerts/alerts.robot' on line 28: The '[Return]' setting is deprecated. Use the 'RETURN' statement instead.</msg>
<msg time="2025-11-01T11:05:50.475725" level="WARN">Error in file '/opt/robot/tests/consul/backup/backup.robot' on line 36: The '[Return]' setting is deprecated. Use the 'RETURN' statement instead.</msg>
<msg time="2025-11-01T11:05:50.475971" level="WARN">Error in file '/opt/robot/tests/consul/backup/backup.robot' on line 48: The '[Return]' setting is deprecated. Use the 'RETURN' statement instead.</msg>
<msg time="2025-11-01T11:05:50.476592" level="WARN">Error in file '/opt/robot/tests/consul/backup/backup.robot' on line 83: The '[Return]' setting is deprecated. Use the 'RETURN' statement instead.</msg>
<msg time="2025-11-01T11:05:50.481069" level="WARN">Error in file '/opt/robot/tests/consul/backup/backup_s3.robot' on line 50: The '[Return]' setting is deprecated. Use the 'RETURN' statement instead.</msg>
<msg time="2025-11-01T11:05:50.481697" level="WARN">Error in file '/opt/robot/tests/consul/backup/backup_s3.robot' on line 85: The '[Return]' setting is deprecated. Use the 'RETURN' statement instead.</msg>
<msg time="2025-11-01T11:05:50.487088" level="WARN">Error in file '/opt/robot/tests/consul/ha/consul_ha.robot' on line 27: The '[Return]' setting is deprecated. Use the 'RETURN' statement instead.</msg>
<msg time="2025-11-01T11:05:50.487265" level="WARN">Error in file '/opt/robot/tests/consul/ha/consul_ha.robot' on line 32: The '[Return]' setting is deprecated. Use the 'RETURN' statement instead.</msg>
<msg time="2025-11-01T11:05:50.487735" level="WARN">Error in file '/opt/robot/tests/consul/ha/consul_ha.robot' on line 54: The '[Return]' setting is deprecated. Use the 'RETURN' statement instead.</msg>
</errors>
</robot>
